{"numFailedTestSuites":0,"numFailedTests":0,"numPassedTestSuites":1,"numPassedTests":26,"numPendingTestSuites":0,"numPendingTests":0,"numRuntimeErrorTestSuites":0,"numTodoTests":0,"numTotalTestSuites":1,"numTotalTests":26,"openHandles":[],"snapshot":{"added":0,"didUpdate":false,"failure":false,"filesAdded":0,"filesRemoved":0,"filesRemovedList":[],"filesUnmatched":0,"filesUpdated":0,"matched":0,"total":0,"unchecked":0,"uncheckedKeysByFile":[],"unmatched":0,"updated":0},"startTime":1642535898466,"success":true,"testResults":[{"assertionResults":[{"ancestorTitles":["atoms-button"],"failureMessages":[],"fullName":"atoms-button contained should render the same","location":null,"status":"passed","title":"contained should render the same"},{"ancestorTitles":["atoms-button"],"failureMessages":[],"fullName":"atoms-button text should render the same","location":null,"status":"passed","title":"text should render the same"},{"ancestorTitles":["atoms-button"],"failureMessages":[],"fullName":"atoms-button outlined should render the same","location":null,"status":"passed","title":"outlined should render the same"},{"ancestorTitles":["atoms-button"],"failureMessages":[],"fullName":"atoms-button secondary should render the same","location":null,"status":"passed","title":"secondary should render the same"},{"ancestorTitles":["atoms-button"],"failureMessages":[],"fullName":"atoms-button success should render the same","location":null,"status":"passed","title":"success should render the same"},{"ancestorTitles":["atoms-button"],"failureMessages":[],"fullName":"atoms-button warning should render the same","location":null,"status":"passed","title":"warning should render the same"},{"ancestorTitles":["atoms-button"],"failureMessages":[],"fullName":"atoms-button error should render the same","location":null,"status":"passed","title":"error should render the same"},{"ancestorTitles":["atoms-button"],"failureMessages":[],"fullName":"atoms-button small should render the same","location":null,"status":"passed","title":"small should render the same"},{"ancestorTitles":["atoms-button"],"failureMessages":[],"fullName":"atoms-button normal should render the same","location":null,"status":"passed","title":"normal should render the same"},{"ancestorTitles":["atoms-button"],"failureMessages":[],"fullName":"atoms-button large should render the same","location":null,"status":"passed","title":"large should render the same"},{"ancestorTitles":["atoms-button"],"failureMessages":[],"fullName":"atoms-button custom-label should render the same","location":null,"status":"passed","title":"custom-label should render the same"},{"ancestorTitles":["atoms-button"],"failureMessages":[],"fullName":"atoms-button custom-background-color should render the same","location":null,"status":"passed","title":"custom-background-color should render the same"},{"ancestorTitles":["atoms-button"],"failureMessages":[],"fullName":"atoms-button custom-text-color should render the same","location":null,"status":"passed","title":"custom-text-color should render the same"},{"ancestorTitles":["Button render with props"],"failureMessages":[],"fullName":"Button render with props should render contained button","location":null,"status":"passed","title":"should render contained button"},{"ancestorTitles":["Button render with props"],"failureMessages":[],"fullName":"Button render with props should render text button","location":null,"status":"passed","title":"should render text button"},{"ancestorTitles":["Button render with props"],"failureMessages":[],"fullName":"Button render with props should render custom outlined button","location":null,"status":"passed","title":"should render custom outlined button"},{"ancestorTitles":["Button render with props"],"failureMessages":[],"fullName":"Button render with props should render secondary button","location":null,"status":"passed","title":"should render secondary button"},{"ancestorTitles":["Button render with props"],"failureMessages":[],"fullName":"Button render with props should render success button","location":null,"status":"passed","title":"should render success button"},{"ancestorTitles":["Button render with props"],"failureMessages":[],"fullName":"Button render with props should render warning button","location":null,"status":"passed","title":"should render warning button"},{"ancestorTitles":["Button render with props"],"failureMessages":[],"fullName":"Button render with props should render error button","location":null,"status":"passed","title":"should render error button"},{"ancestorTitles":["Button render with props"],"failureMessages":[],"fullName":"Button render with props should render small button","location":null,"status":"passed","title":"should render small button"},{"ancestorTitles":["Button render with props"],"failureMessages":[],"fullName":"Button render with props should render normal button","location":null,"status":"passed","title":"should render normal button"},{"ancestorTitles":["Button render with props"],"failureMessages":[],"fullName":"Button render with props should render large button","location":null,"status":"passed","title":"should render large button"},{"ancestorTitles":["Button render with props"],"failureMessages":[],"fullName":"Button render with props should render a custom label button","location":null,"status":"passed","title":"should render a custom label button"},{"ancestorTitles":["Button render with props"],"failureMessages":[],"fullName":"Button render with props should render a custom background color button","location":null,"status":"passed","title":"should render a custom background color button"},{"ancestorTitles":["Button render with props"],"failureMessages":[],"fullName":"Button render with props should render a custom text color button","location":null,"status":"passed","title":"should render a custom text color button"}],"endTime":1642535936188,"message":"","name":"/Users/shadito/Sitios/react-projects/gatsby-typescript-testing/src/components/atoms/Button/button.test.tsx","startTime":1642535899645,"status":"passed","summary":""}],"wasInterrupted":false,"coverageMap":{"/Users/shadito/Sitios/react-projects/gatsby-typescript-testing/src/components/atoms/Button/index.tsx":{"path":"/Users/shadito/Sitios/react-projects/gatsby-typescript-testing/src/components/atoms/Button/index.tsx","statementMap":{"0":{"start":{"line":22,"column":2},"end":{"line":31,"column":3}}},"fnMap":{"0":{"name":"Button","decl":{"start":{"line":13,"column":16},"end":{"line":13,"column":22}},"loc":{"start":{"line":21,"column":16},"end":{"line":32,"column":1}},"line":21}},"branchMap":{},"s":{"0":13},"f":{"0":13},"b":{},"_coverageSchema":"1a1c01bbd47fc00a2c39e90264f33305004495a9","hash":"ad9abae8d972440e69d127b705ed400ed5f89655"},"/Users/shadito/Sitios/react-projects/gatsby-typescript-testing/src/components/atoms/Title/index.tsx":{"path":"/Users/shadito/Sitios/react-projects/gatsby-typescript-testing/src/components/atoms/Title/index.tsx","statementMap":{"0":{"start":{"line":24,"column":35},"end":{"line":36,"column":1}},"1":{"start":{"line":29,"column":2},"end":{"line":29,"column":42}},"2":{"start":{"line":31,"column":2},"end":{"line":35,"column":3}},"3":{"start":{"line":39,"column":2},"end":{"line":52,"column":3}},"4":{"start":{"line":50,"column":22},"end":{"line":50,"column":69}}},"fnMap":{"0":{"name":"(anonymous_0)","decl":{"start":{"line":24,"column":35},"end":{"line":24,"column":36}},"loc":{"start":{"line":24,"column":71},"end":{"line":36,"column":1}},"line":24},"1":{"name":"Title","decl":{"start":{"line":38,"column":24},"end":{"line":38,"column":29}},"loc":{"start":{"line":38,"column":58},"end":{"line":53,"column":1}},"line":38},"2":{"name":"(anonymous_2)","decl":{"start":{"line":50,"column":14},"end":{"line":50,"column":15}},"loc":{"start":{"line":50,"column":22},"end":{"line":50,"column":69}},"line":50}},"branchMap":{},"s":{"0":0,"1":0,"2":0,"3":0,"4":0},"f":{"0":0,"1":0,"2":0},"b":{}},"/Users/shadito/Sitios/react-projects/gatsby-typescript-testing/src/components/molecules/card/index.tsx":{"path":"/Users/shadito/Sitios/react-projects/gatsby-typescript-testing/src/components/molecules/card/index.tsx","statementMap":{"0":{"start":{"line":5,"column":2},"end":{"line":11,"column":3}}},"fnMap":{"0":{"name":"card","decl":{"start":{"line":4,"column":9},"end":{"line":4,"column":13}},"loc":{"start":{"line":4,"column":16},"end":{"line":12,"column":1}},"line":4}},"branchMap":{},"s":{"0":0},"f":{"0":0},"b":{}},"/Users/shadito/Sitios/react-projects/gatsby-typescript-testing/src/components/atoms/Seo/index.tsx":{"path":"/Users/shadito/Sitios/react-projects/gatsby-typescript-testing/src/components/atoms/Seo/index.tsx","statementMap":{"0":{"start":{"line":13,"column":24},"end":{"line":25,"column":3}},"1":{"start":{"line":27,"column":34},"end":{"line":27,"column":78}},"2":{"start":{"line":28,"column":31},"end":{"line":28,"column":55}},"3":{"start":{"line":30,"column":2},"end":{"line":72,"column":3}}},"fnMap":{"0":{"name":"Seo","decl":{"start":{"line":12,"column":9},"end":{"line":12,"column":12}},"loc":{"start":{"line":12,"column":76},"end":{"line":73,"column":1}},"line":12}},"branchMap":{"0":{"loc":{"start":{"line":12,"column":15},"end":{"line":12,"column":31}},"type":"default-arg","locations":[{"start":{"line":12,"column":29},"end":{"line":12,"column":31}}],"line":12},"1":{"loc":{"start":{"line":12,"column":33},"end":{"line":12,"column":44}},"type":"default-arg","locations":[{"start":{"line":12,"column":40},"end":{"line":12,"column":44}}],"line":12},"2":{"loc":{"start":{"line":12,"column":46},"end":{"line":12,"column":55}},"type":"default-arg","locations":[{"start":{"line":12,"column":53},"end":{"line":12,"column":55}}],"line":12},"3":{"loc":{"start":{"line":27,"column":34},"end":{"line":27,"column":78}},"type":"binary-expr","locations":[{"start":{"line":27,"column":34},"end":{"line":27,"column":45}},{"start":{"line":27,"column":49},"end":{"line":27,"column":78}}],"line":27},"4":{"loc":{"start":{"line":36,"column":21},"end":{"line":36,"column":65}},"type":"cond-expr","locations":[{"start":{"line":36,"column":36},"end":{"line":36,"column":58}},{"start":{"line":36,"column":61},"end":{"line":36,"column":65}}],"line":36},"5":{"loc":{"start":{"line":60,"column":19},"end":{"line":60,"column":50}},"type":"binary-expr","locations":[{"start":{"line":60,"column":19},"end":{"line":60,"column":44}},{"start":{"line":60,"column":48},"end":{"line":60,"column":50}}],"line":60}},"s":{"0":0,"1":0,"2":0,"3":0},"f":{"0":0},"b":{"0":[0],"1":[0],"2":[0],"3":[0,0],"4":[0,0],"5":[0,0]}},"/Users/shadito/Sitios/react-projects/gatsby-typescript-testing/src/components/organism/news/index.tsx":{"path":"/Users/shadito/Sitios/react-projects/gatsby-typescript-testing/src/components/organism/news/index.tsx","statementMap":{"0":{"start":{"line":5,"column":2},"end":{"line":11,"column":3}}},"fnMap":{"0":{"name":"news","decl":{"start":{"line":4,"column":9},"end":{"line":4,"column":13}},"loc":{"start":{"line":4,"column":16},"end":{"line":12,"column":1}},"line":4}},"branchMap":{},"s":{"0":0},"f":{"0":0},"b":{}},"/Users/shadito/Sitios/react-projects/gatsby-typescript-testing/src/components/templates/general/index.tsx":{"path":"/Users/shadito/Sitios/react-projects/gatsby-typescript-testing/src/components/templates/general/index.tsx","statementMap":{"0":{"start":{"line":11,"column":22},"end":{"line":34,"column":1}},"1":{"start":{"line":12,"column":2},"end":{"line":33,"column":3}},"2":{"start":{"line":21,"column":10},"end":{"line":23,"column":17}}},"fnMap":{"0":{"name":"(anonymous_0)","decl":{"start":{"line":11,"column":22},"end":{"line":11,"column":23}},"loc":{"start":{"line":11,"column":64},"end":{"line":34,"column":1}},"line":11},"1":{"name":"(anonymous_1)","decl":{"start":{"line":20,"column":14},"end":{"line":20,"column":15}},"loc":{"start":{"line":21,"column":10},"end":{"line":23,"column":17}},"line":21}},"branchMap":{},"s":{"0":0,"1":0,"2":0},"f":{"0":0,"1":0},"b":{}}}}